Library/Bee/Android/Prj/Mono2x/Gradle/unityLibrary/build/intermediates/manifest_merge_blame_file/release/manifest-merger-blame-release-report.txt
1<?xml version="1.0" encoding="utf-8"?>
2<manifest xmlns:android="http://schemas.android.com/apk/res/android"
3    xmlns:tools="http://schemas.android.com/tools"
4    package="com.unity3d.player" >
5
6    <uses-sdk
7        android:minSdkVersion="22"
7-->src\main\AndroidManifest.xml
8        android:targetSdkVersion="33" />
8-->src\main\AndroidManifest.xml
9
10    <uses-feature android:glEsVersion="0x00030000" />
10-->src\main\AndroidManifest.xml:3:3-52
10-->src\main\AndroidManifest.xml:3:17-49
11    <uses-feature
11-->src\main\AndroidManifest.xml:4:3-91
12        android:name="android.hardware.vulkan.version"
12-->src\main\AndroidManifest.xml:4:17-63
13        android:required="false" />
13-->src\main\AndroidManifest.xml:4:64-88
14    <uses-feature
14-->src\main\AndroidManifest.xml:5:3-97
15        android:name="android.hardware.sensor.accelerometer"
15-->src\main\AndroidManifest.xml:5:17-69
16        android:required="false" />
16-->src\main\AndroidManifest.xml:5:70-94
17    <uses-feature
17-->src\main\AndroidManifest.xml:6:3-88
18        android:name="android.hardware.touchscreen"
18-->src\main\AndroidManifest.xml:6:17-60
19        android:required="false" />
19-->src\main\AndroidManifest.xml:6:61-85
20    <uses-feature
20-->src\main\AndroidManifest.xml:7:3-99
21        android:name="android.hardware.touchscreen.multitouch"
21-->src\main\AndroidManifest.xml:7:17-71
22        android:required="false" />
22-->src\main\AndroidManifest.xml:7:72-96
23    <uses-feature
23-->src\main\AndroidManifest.xml:8:3-108
24        android:name="android.hardware.touchscreen.multitouch.distinct"
24-->src\main\AndroidManifest.xml:8:17-80
25        android:required="false" />
25-->src\main\AndroidManifest.xml:8:81-105
26
27    <application android:extractNativeLibs="true" >
27-->src\main\AndroidManifest.xml:9:3-25:17
27-->src\main\AndroidManifest.xml:9:16-48
28        <meta-data
28-->src\main\AndroidManifest.xml:10:5-69
29            android:name="unity.splash-mode"
29-->src\main\AndroidManifest.xml:10:16-48
30            android:value="0" />
30-->src\main\AndroidManifest.xml:10:49-66
31        <meta-data
31-->src\main\AndroidManifest.xml:11:5-74
32            android:name="unity.splash-enable"
32-->src\main\AndroidManifest.xml:11:16-50
33            android:value="True" />
33-->src\main\AndroidManifest.xml:11:51-71
34        <meta-data
34-->src\main\AndroidManifest.xml:12:5-78
35            android:name="unity.launch-fullscreen"
35-->src\main\AndroidManifest.xml:12:16-54
36            android:value="True" />
36-->src\main\AndroidManifest.xml:12:55-75
37        <meta-data
37-->src\main\AndroidManifest.xml:13:5-84
38            android:name="unity.allow-resizable-window"
38-->src\main\AndroidManifest.xml:13:16-59
39            android:value="False" />
39-->src\main\AndroidManifest.xml:13:60-81
40        <meta-data
40-->src\main\AndroidManifest.xml:14:5-81
41            android:name="notch.config"
41-->src\main\AndroidManifest.xml:14:16-43
42            android:value="portrait|landscape" />
42-->src\main\AndroidManifest.xml:14:44-78
43        <meta-data
43-->src\main\AndroidManifest.xml:15:5-84
44            android:name="unity.auto-report-fully-drawn"
44-->src\main\AndroidManifest.xml:15:16-60
45            android:value="true" />
45-->src\main\AndroidManifest.xml:15:61-81
46        <meta-data
46-->src\main\AndroidManifest.xml:16:5-79
47            android:name="unity.strip-engine-code"
47-->src\main\AndroidManifest.xml:16:16-54
48            android:value="false" />
48-->src\main\AndroidManifest.xml:16:55-76
49
50        <activity
50-->src\main\AndroidManifest.xml:17:5-24:16
51            android:name="com.unity3d.player.UnityPlayerActivity"
51-->src\main\AndroidManifest.xml:17:312-365
52            android:configChanges="mcc|mnc|locale|touchscreen|keyboard|keyboardHidden|navigation|orientation|screenLayout|uiMode|screenSize|smallestScreenSize|fontScale|layoutDirection|density"
52-->src\main\AndroidManifest.xml:17:15-196
53            android:enabled="true"
53-->src\main\AndroidManifest.xml:17:197-219
54            android:exported="true"
54-->src\main\AndroidManifest.xml:17:220-243
55            android:hardwareAccelerated="false"
55-->src\main\AndroidManifest.xml:17:244-279
56            android:launchMode="singleTask"
56-->src\main\AndroidManifest.xml:17:280-311
57            android:resizeableActivity="false"
57-->src\main\AndroidManifest.xml:17:366-400
58            android:screenOrientation="landscape"
58-->src\main\AndroidManifest.xml:17:401-438
59            android:theme="@style/UnityThemeSelector" >
59-->src\main\AndroidManifest.xml:17:439-480
60            <intent-filter>
60-->src\main\AndroidManifest.xml:18:7-21:23
61                <category android:name="android.intent.category.LAUNCHER" />
61-->src\main\AndroidManifest.xml:19:9-69
61-->src\main\AndroidManifest.xml:19:19-66
62
63                <action android:name="android.intent.action.MAIN" />
63-->src\main\AndroidManifest.xml:20:9-61
63-->src\main\AndroidManifest.xml:20:17-58
64            </intent-filter>
65
66            <meta-data
66-->src\main\AndroidManifest.xml:22:7-82
67                android:name="unityplayer.UnityActivity"
67-->src\main\AndroidManifest.xml:22:18-58
68                android:value="true" />
68-->src\main\AndroidManifest.xml:22:59-79
69            <meta-data
69-->src\main\AndroidManifest.xml:23:7-70
70                android:name="notch_support"
70-->src\main\AndroidManifest.xml:23:18-46
71                android:value="true" />
71-->src\main\AndroidManifest.xml:23:47-67
72        </activity>
73    </application>
74
75</manifest>